2024-03-09 21:54:52 INFO app.py:18 - ***** Starting Train New Training Model *****
2024-03-09 21:54:52 INFO app.py:21 - ***** Train New Training Model Finished *****
2024-03-09 21:54:52 INFO app.py:53 - Starting Waitress server...
2024-03-09 21:54:52 INFO wasyncore.py:486 - Serving on http://0.0.0.0:5000
2024-03-09 21:55:32 INFO Decorators.py:11 - Received GET request to /api/healthcheck
2024-03-09 21:55:32 INFO HealthCheckController.py:13 - Server is alive...
2024-03-09 21:55:55 INFO ImageFindController.py:33 - ***** Starting Finding Image *****
2024-03-09 21:55:55 INFO ImageFindService.py:29 - Received request for image: WhatsApp Image 2024-03-06 at 20.30.18.jpeg
2024-03-09 21:56:03 INFO FeaturesExtractionService.py:119 - Type = <class 'numpy.ndarray'>
2024-03-09 21:56:03 INFO FeaturesExtractionService.py:120 - Shape of feature_list = (1, 768)
2024-03-09 21:56:03 INFO FeaturesExtractionService.py:121 - Time taken in sec = 1.5780749320983887
2024-03-09 21:56:03 INFO FeaturesExtractionService.py:122 - Image location: files/image/input_image_20240309_215555.jpg
2024-03-09 21:56:08 INFO ResultEvaluator.py:11 - Clip min: 0.620527957777433
2024-03-09 21:56:08 INFO ResultEvaluator.py:12 - Clip min id: 65d5a2c67ed9003b0c66e5df
2024-03-09 21:56:08 INFO ImageFindController.py:46 - ***** Finding Image Finished *****
2024-03-09 21:56:08 INFO ImageFindController.py:47 - (<Response 3 bytes [200 OK]>, 404)
2024-03-09 21:57:25 INFO ImageFindController.py:52 - ***** Starting Finding Image *****
2024-03-09 21:57:25 INFO ImageFindService.py:29 - Received request for image: image.png
2024-03-09 21:57:27 INFO FeaturesExtractionService.py:119 - Type = <class 'numpy.ndarray'>
2024-03-09 21:57:27 INFO FeaturesExtractionService.py:120 - Shape of feature_list = (1, 768)
2024-03-09 21:57:27 INFO FeaturesExtractionService.py:121 - Time taken in sec = 1.5013234615325928
2024-03-09 21:57:27 INFO FeaturesExtractionService.py:122 - Image location: files/image/input_image_20240309_215725.jpg
2024-03-09 21:57:27 INFO ResultEvaluator.py:11 - Clip min: 0.605463074005859
2024-03-09 21:57:27 INFO ResultEvaluator.py:12 - Clip min id: 65d1fe00a1214668887d4610
2024-03-09 21:57:27 INFO ImageFindController.py:65 - ***** Finding Image Finished *****
2024-03-09 21:57:27 INFO ImageFindController.py:66 - (<Response 3 bytes [200 OK]>, 404)
2024-03-09 21:57:30 INFO ImageFindController.py:52 - ***** Starting Finding Image *****
2024-03-09 21:57:30 INFO ImageFindService.py:29 - Received request for image: image.png
2024-03-09 21:57:32 INFO FeaturesExtractionService.py:119 - Type = <class 'numpy.ndarray'>
2024-03-09 21:57:32 INFO FeaturesExtractionService.py:120 - Shape of feature_list = (1, 768)
2024-03-09 21:57:32 INFO FeaturesExtractionService.py:121 - Time taken in sec = 1.438786268234253
2024-03-09 21:57:32 INFO FeaturesExtractionService.py:122 - Image location: files/image/input_image_20240309_215730.jpg
2024-03-09 21:57:32 INFO ResultEvaluator.py:11 - Clip min: 0.6095834767407396
2024-03-09 21:57:32 INFO ResultEvaluator.py:12 - Clip min id: 65d1fe00a1214668887d4610
2024-03-09 21:57:32 INFO ImageFindController.py:65 - ***** Finding Image Finished *****
2024-03-09 21:57:32 INFO ImageFindController.py:66 - (<Response 3 bytes [200 OK]>, 404)
2024-03-09 21:57:35 INFO ImageFindController.py:52 - ***** Starting Finding Image *****
2024-03-09 21:57:35 INFO ImageFindService.py:29 - Received request for image: image.png
2024-03-09 21:57:37 INFO FeaturesExtractionService.py:119 - Type = <class 'numpy.ndarray'>
2024-03-09 21:57:37 INFO FeaturesExtractionService.py:120 - Shape of feature_list = (1, 768)
2024-03-09 21:57:37 INFO FeaturesExtractionService.py:121 - Time taken in sec = 1.5169317722320557
2024-03-09 21:57:37 INFO FeaturesExtractionService.py:122 - Image location: files/image/input_image_20240309_215735.jpg
2024-03-09 21:57:37 INFO ResultEvaluator.py:11 - Clip min: 0.6258448004332333
2024-03-09 21:57:37 INFO ResultEvaluator.py:12 - Clip min id: 65d1fe00a1214668887d4610
2024-03-09 21:57:37 INFO ImageFindController.py:65 - ***** Finding Image Finished *****
2024-03-09 21:57:37 INFO ImageFindController.py:66 - (<Response 3 bytes [200 OK]>, 404)
2024-03-09 21:57:46 INFO ImageFindController.py:52 - ***** Starting Finding Image *****
2024-03-09 21:57:46 INFO ImageFindService.py:29 - Received request for image: image.png
2024-03-09 21:57:47 INFO FeaturesExtractionService.py:119 - Type = <class 'numpy.ndarray'>
2024-03-09 21:57:47 INFO FeaturesExtractionService.py:120 - Shape of feature_list = (1, 768)
2024-03-09 21:57:47 INFO FeaturesExtractionService.py:121 - Time taken in sec = 1.5169219970703125
2024-03-09 21:57:47 INFO FeaturesExtractionService.py:122 - Image location: files/image/input_image_20240309_215746.jpg
2024-03-09 21:57:48 INFO ResultEvaluator.py:11 - Clip min: 0.7441093850580593
2024-03-09 21:57:48 INFO ResultEvaluator.py:12 - Clip min id: 65ca6a5e995eb88da99f340f
2024-03-09 21:57:48 INFO ImageFindController.py:65 - ***** Finding Image Finished *****
2024-03-09 21:57:48 INFO ImageFindController.py:66 - (<Response 3 bytes [200 OK]>, 404)
2024-03-09 21:57:50 INFO ImageFindController.py:52 - ***** Starting Finding Image *****
2024-03-09 21:57:50 INFO ImageFindService.py:29 - Received request for image: image.png
2024-03-09 21:57:52 INFO FeaturesExtractionService.py:119 - Type = <class 'numpy.ndarray'>
2024-03-09 21:57:52 INFO FeaturesExtractionService.py:120 - Shape of feature_list = (1, 768)
2024-03-09 21:57:52 INFO FeaturesExtractionService.py:121 - Time taken in sec = 1.412712574005127
2024-03-09 21:57:52 INFO FeaturesExtractionService.py:122 - Image location: files/image/input_image_20240309_215750.jpg
2024-03-09 21:57:52 INFO ResultEvaluator.py:11 - Clip min: 0.7512579006223136
2024-03-09 21:57:52 INFO ResultEvaluator.py:12 - Clip min id: 65ca6a5e995eb88da99f340f
2024-03-09 21:57:52 INFO ImageFindController.py:65 - ***** Finding Image Finished *****
2024-03-09 21:57:52 INFO ImageFindController.py:66 - (<Response 3 bytes [200 OK]>, 404)
2024-03-09 21:58:15 INFO ImageFindController.py:52 - ***** Starting Finding Image *****
2024-03-09 21:58:15 INFO ImageFindService.py:29 - Received request for image: image.png
2024-03-09 21:58:17 INFO FeaturesExtractionService.py:119 - Type = <class 'numpy.ndarray'>
2024-03-09 21:58:17 INFO FeaturesExtractionService.py:120 - Shape of feature_list = (1, 768)
2024-03-09 21:58:17 INFO FeaturesExtractionService.py:121 - Time taken in sec = 1.5325589179992676
2024-03-09 21:58:17 INFO FeaturesExtractionService.py:122 - Image location: files/image/input_image_20240309_215815.jpg
2024-03-09 21:58:17 INFO ResultEvaluator.py:11 - Clip min: 0.6305168800951579
2024-03-09 21:58:17 INFO ResultEvaluator.py:12 - Clip min id: 65ba3f71fec20a28480d6cfb
2024-03-09 21:58:17 INFO ImageFindController.py:65 - ***** Finding Image Finished *****
2024-03-09 21:58:17 INFO ImageFindController.py:66 - (<Response 3 bytes [200 OK]>, 404)
2024-03-09 21:58:21 INFO ImageFindController.py:52 - ***** Starting Finding Image *****
2024-03-09 21:58:21 INFO ImageFindService.py:29 - Received request for image: image.png
2024-03-09 21:58:23 INFO FeaturesExtractionService.py:119 - Type = <class 'numpy.ndarray'>
2024-03-09 21:58:23 INFO FeaturesExtractionService.py:120 - Shape of feature_list = (1, 768)
2024-03-09 21:58:23 INFO FeaturesExtractionService.py:121 - Time taken in sec = 1.470029354095459
2024-03-09 21:58:23 INFO FeaturesExtractionService.py:122 - Image location: files/image/input_image_20240309_215821.jpg
2024-03-09 21:58:23 INFO ResultEvaluator.py:11 - Clip min: 0.6139692752237187
2024-03-09 21:58:23 INFO ResultEvaluator.py:12 - Clip min id: 65ba3f71fec20a28480d6cfb
2024-03-09 21:58:23 INFO ImageFindController.py:65 - ***** Finding Image Finished *****
2024-03-09 21:58:23 INFO ImageFindController.py:66 - (<Response 3 bytes [200 OK]>, 404)
2024-03-09 21:58:35 INFO ImageFindController.py:52 - ***** Starting Finding Image *****
2024-03-09 21:58:35 INFO ImageFindService.py:29 - Received request for image: image.png
2024-03-09 21:58:37 INFO FeaturesExtractionService.py:119 - Type = <class 'numpy.ndarray'>
2024-03-09 21:58:37 INFO FeaturesExtractionService.py:120 - Shape of feature_list = (1, 768)
2024-03-09 21:58:37 INFO FeaturesExtractionService.py:121 - Time taken in sec = 1.5012471675872803
2024-03-09 21:58:37 INFO FeaturesExtractionService.py:122 - Image location: files/image/input_image_20240309_215835.jpg
2024-03-09 21:58:37 INFO ResultEvaluator.py:11 - Clip min: 0.5477842410352239
2024-03-09 21:58:37 INFO ResultEvaluator.py:12 - Clip min id: 65ba3f71fec20a28480d6cfb
2024-03-09 21:58:37 INFO ImageFindController.py:65 - ***** Finding Image Finished *****
2024-03-09 21:58:37 INFO ImageFindController.py:66 - (<Response 3 bytes [200 OK]>, 404)
2024-03-09 21:58:42 INFO ImageFindController.py:52 - ***** Starting Finding Image *****
2024-03-09 21:58:42 INFO ImageFindService.py:29 - Received request for image: image.png
2024-03-09 21:58:43 INFO FeaturesExtractionService.py:119 - Type = <class 'numpy.ndarray'>
2024-03-09 21:58:43 INFO FeaturesExtractionService.py:120 - Shape of feature_list = (1, 768)
2024-03-09 21:58:43 INFO FeaturesExtractionService.py:121 - Time taken in sec = 1.4856441020965576
2024-03-09 21:58:43 INFO FeaturesExtractionService.py:122 - Image location: files/image/input_image_20240309_215842.jpg
2024-03-09 21:58:43 INFO ResultEvaluator.py:11 - Clip min: 0.5492475697005463
2024-03-09 21:58:43 INFO ResultEvaluator.py:12 - Clip min id: 65ba3f71fec20a28480d6cfb
2024-03-09 21:58:43 INFO ImageFindController.py:65 - ***** Finding Image Finished *****
2024-03-09 21:58:43 INFO ImageFindController.py:66 - (<Response 3 bytes [200 OK]>, 404)
2024-03-09 21:58:48 INFO ImageFindController.py:52 - ***** Starting Finding Image *****
2024-03-09 21:58:48 INFO ImageFindService.py:29 - Received request for image: image.png
2024-03-09 21:58:49 INFO FeaturesExtractionService.py:119 - Type = <class 'numpy.ndarray'>
2024-03-09 21:58:49 INFO FeaturesExtractionService.py:120 - Shape of feature_list = (1, 768)
2024-03-09 21:58:49 INFO FeaturesExtractionService.py:121 - Time taken in sec = 1.489243745803833
2024-03-09 21:58:49 INFO FeaturesExtractionService.py:122 - Image location: files/image/input_image_20240309_215848.jpg
2024-03-09 21:58:49 INFO ResultEvaluator.py:11 - Clip min: 0.5583319481284496
2024-03-09 21:58:49 INFO ResultEvaluator.py:12 - Clip min id: 65ba3f71fec20a28480d6cfb
2024-03-09 21:58:49 INFO ImageFindController.py:65 - ***** Finding Image Finished *****
2024-03-09 21:58:49 INFO ImageFindController.py:66 - (<Response 3 bytes [200 OK]>, 404)
2024-03-09 21:58:52 INFO ImageFindController.py:52 - ***** Starting Finding Image *****
2024-03-09 21:58:52 INFO ImageFindService.py:29 - Received request for image: image.png
2024-03-09 21:58:54 INFO FeaturesExtractionService.py:119 - Type = <class 'numpy.ndarray'>
2024-03-09 21:58:54 INFO FeaturesExtractionService.py:120 - Shape of feature_list = (1, 768)
2024-03-09 21:58:54 INFO FeaturesExtractionService.py:121 - Time taken in sec = 1.718839406967163
2024-03-09 21:58:54 INFO FeaturesExtractionService.py:122 - Image location: files/image/input_image_20240309_215852.jpg
2024-03-09 21:58:54 INFO ResultEvaluator.py:11 - Clip min: 0.4911795039674278
2024-03-09 21:58:54 INFO ResultEvaluator.py:12 - Clip min id: 65ba3f71fec20a28480d6cfb
2024-03-09 21:58:54 INFO ImageFindController.py:65 - ***** Finding Image Finished *****
2024-03-09 21:58:54 INFO ImageFindController.py:66 - (<Response 2877 bytes [200 OK]>, 200)
