2024-06-15 11:12:27 INFO app.py:18 - ***** Starting Train New Training Model *****
2024-06-15 11:12:27 INFO app.py:21 - ***** Train New Training Model Finished *****
2024-06-15 11:12:27 INFO app.py:53 - Starting Waitress server...
2024-06-15 11:12:27 INFO wasyncore.py:486 - Serving on http://0.0.0.0:5000
2024-06-15 11:12:34 INFO Decorators.py:11 - Received GET request to /api/healthcheck
2024-06-15 11:12:34 INFO HealthCheckController.py:13 - Server is alive...
2024-06-15 11:12:59 INFO Decorators.py:11 - Received GET request to /api/healthcheck
2024-06-15 11:12:59 INFO HealthCheckController.py:13 - Server is alive...
2024-06-15 11:14:11 INFO Decorators.py:11 - Received GET request to /api/healthcheck
2024-06-15 11:14:11 INFO HealthCheckController.py:13 - Server is alive...
2024-06-15 11:26:11 INFO Decorators.py:11 - Received GET request to /api/healthcheck
2024-06-15 11:26:11 INFO HealthCheckController.py:13 - Server is alive...
2024-06-15 11:26:23 INFO Decorators.py:11 - Received GET request to /api/healthcheck
2024-06-15 11:26:23 INFO HealthCheckController.py:13 - Server is alive...
2024-06-15 11:50:19 INFO ImageFindController.py:52 - ***** Starting Finding Image *****
2024-06-15 11:50:19 INFO ImageFindService.py:29 - Received request for image: image.png
2024-06-15 11:50:27 INFO FeaturesExtractionService.py:119 - Type = <class 'numpy.ndarray'>
2024-06-15 11:50:27 INFO FeaturesExtractionService.py:120 - Shape of feature_list = (1, 768)
2024-06-15 11:50:27 INFO FeaturesExtractionService.py:121 - Time taken in sec = 1.5780754089355469
2024-06-15 11:50:27 INFO FeaturesExtractionService.py:122 - Image location: files/image/input_image_20240615_115019.jpg
2024-06-15 11:50:57 INFO ResultEvaluator.py:11 - Clip min: 0.6716474947436301
2024-06-15 11:50:57 INFO ResultEvaluator.py:12 - Clip min id: 662f61e44583bedde0f7e8c7
2024-06-15 11:50:57 INFO ImageFindController.py:65 - ***** Finding Image Finished *****
2024-06-15 11:50:57 INFO ImageFindController.py:66 - (<Response 3 bytes [200 OK]>, 404)
